<?xml version="1.0" encoding="UTF-8"?>
<!-- Generated by org.testng.reporters.JUnitXMLReporter -->
<testsuite ignored="0" hostname="DESKTOP-MPHTH6E" failures="0" tests="1" name="Amazon" time="0.632" errors="0" timestamp="2024-06-02T11:52:14 IST">
  <testcase classname="PageTest.BaseTest1" name="@BeforeTest setUp" time="-1.71730933432E9">
    <failure type="org.testng.TestNGException" message="
Parameter &amp;apos;browser&amp;apos; is required by BeforeTest on method setUp but has not been marked @Optional or defined
in C:\Users\USER\AppData\Local\JetBrains\IdeaIC2023.3\temp-testng-customsuite.xml">
      <![CDATA[org.testng.TestNGException: 
Parameter 'browser' is required by BeforeTest on method setUp but has not been marked @Optional or defined
in C:\Users\USER\AppData\Local\JetBrains\IdeaIC2023.3\temp-testng-customsuite.xml
at com.intellij.rt.testng.IDEARemoteTestNG.run(IDEARemoteTestNG.java:65)
at com.intellij.rt.testng.RemoteTestNGStarter.main(RemoteTestNGStarter.java:105)
... Removed 18 stack frames]]>
    </failure>
  </testcase> <!-- @BeforeTest setUp -->
  <testcase classname="PageTest.BaseTest1" name="@AfterTest tearDown" time="0.0">
    <skipped/>
  </testcase> <!-- @AfterTest tearDown -->
  <testcase classname="PageTest.testCase01" name="setUp2" time="0.0">
    <skipped/>
  </testcase> <!-- setUp2 -->
</testsuite> <!-- Amazon -->
